<?xml version="1.0" encoding="UTF-8"?>
<!-- Generated by org.testng.reporters.JUnitReportReporter -->
<testsuite skipped="0" hostname="LAPTOP-5K471UKM" name="Testpg.Addcreams_pgTest" tests="4" failures="0" timestamp="21 Jul 2020 09:14:41 GMT" time="37.498" errors="0">
  <testcase name="selectcream" time="18.332" classname="Testpg.Addcreams_pgTest"/>
  <testcase name="checklist" time="1.561" classname="Testpg.Addcreams_pgTest"/>
  <testcase name="addPaymentdetails" time="9.429" classname="Testpg.Addcreams_pgTest"/>
  <testcase name="Successpg" time="8.176" classname="Testpg.Addcreams_pgTest"/>
</testsuite> <!-- Testpg.Addcreams_pgTest -->
