<?xml version="1.0" encoding="UTF-8"?>
<!-- Generated by org.testng.reporters.JUnitReportReporter -->
<testsuite skipped="0" hostname="LAPTOP-5K471UKM" name="Testpg.Addcreams_pgTest" tests="4" failures="0" timestamp="21 Jul 2020 09:48:02 GMT" time="22.282" errors="0">
  <testcase name="selectcream" time="12.765" classname="Testpg.Addcreams_pgTest"/>
  <testcase name="checklist" time="1.491" classname="Testpg.Addcreams_pgTest"/>
  <testcase name="addPaymentdetails" time="4.089" classname="Testpg.Addcreams_pgTest"/>
  <testcase name="Successpg" time="3.937" classname="Testpg.Addcreams_pgTest"/>
</testsuite> <!-- Testpg.Addcreams_pgTest -->
