<?xml version="1.0" encoding="UTF-8"?>
<!-- Generated by org.testng.reporters.JUnitReportReporter -->
<testsuite skipped="0" hostname="LAPTOP-5K471UKM" name="Testpg.MoisturizerpgTest" tests="1" failures="0" timestamp="05 Jul 2020 19:45:44 GMT" time="39.689" errors="0">
  <testcase name="selectmoisturizer" time="39.689" classname="Testpg.MoisturizerpgTest"/>
</testsuite> <!-- Testpg.MoisturizerpgTest -->
