<?xml version="1.0" encoding="UTF-8"?>
<!-- Generated by org.testng.reporters.JUnitReportReporter -->
<testsuite skipped="0" hostname="LAPTOP-5K471UKM" name="Testpg.WeatherHomepgTest" tests="1" failures="0" timestamp="05 Jul 2020 19:22:38 GMT" time="0.837" errors="0">
  <testcase name="Gettemp" time="0.837" classname="Testpg.WeatherHomepgTest"/>
</testsuite> <!-- Testpg.WeatherHomepgTest -->
