<?xml version="1.0" encoding="UTF-8"?>
<!-- Generated by org.testng.reporters.JUnitReportReporter -->
<testsuite skipped="0" hostname="LAPTOP-5K471UKM" name="Testpg.Shopping" tests="1" failures="0" timestamp="05 Jul 2020 17:08:53 GMT" time="0.994" errors="0">
  <testcase name="Gettemp" time="0.994" classname="Testpg.Shopping"/>
</testsuite> <!-- Testpg.Shopping -->
