<?xml version="1.0" encoding="UTF-8"?>
<!-- Generated by org.testng.reporters.JUnitReportReporter -->
<testsuite skipped="0" hostname="LAPTOP-5K471UKM" name="Testpg.Selectedcreamtest" tests="1" failures="0" timestamp="27 Jun 2020 15:09:39 GMT" time="6.186" errors="0">
  <testcase name="Addmoistinfo" time="6.186" classname="Testpg.Selectedcreamtest"/>
</testsuite> <!-- Testpg.Selectedcreamtest -->
